# JRE version: OpenJDK Runtime Environment Temurin-21.0.7+6 (21.0.7+6) (build 21.0.7+6-LTS)
# Java VM: OpenJDK 64-Bit Server VM Temurin-21.0.7+6 (21.0.7+6-LTS, mixed mode, sharing, tiered, compressed oops, compressed class ptrs, parallel gc, windows-amd64)
GC Precious Log:
 CardTable entry size: 512
 CPUs: 12 total, 12 available
 Memory: 7971M
 Large Page Support: Disabled
 NUMA Support: Disabled
 Compressed Oops: Enabled (32-bit)
 Alignments: Space 512K, Generation 512K, Heap 2M
 Heap Min Capacity: 100M
 Heap Initial Capacity: 100M
 Heap Max Capacity: 2G
 Pre-touch: Disabled
 Parallel Workers: 10
Heap:
 PSYoungGen      total 9216K, used 5537K [0x00000000d5580000, 0x00000000d6000000, 0x0000000100000000)
  eden space 7680K, 53% used [0x00000000d5580000,0x00000000d598cab0,0x00000000d5d00000)
  from space 1536K, 90% used [0x00000000d5e80000,0x00000000d5fdbc98,0x00000000d6000000)
  to   space 1536K, 0% used [0x00000000d5d00000,0x00000000d5d00000,0x00000000d5e80000)
 ParOldGen       total 130560K, used 130545K [0x0000000080000000, 0x0000000087f80000, 0x00000000d5580000)
  object space 130560K, 99% used [0x0000000080000000,0x0000000087f7c5d0,0x0000000087f80000)
 Metaspace       used 55164K, committed 56384K, reserved 1114112K
  class space    used 5871K, committed 6400K, reserved 1048576K
GC Heap History (20 events):
Event: 28.505 GC heap before
{Heap before GC invocations=62 (full 2):
 PSYoungGen      total 11264K, used 10688K [0x00000000d5580000, 0x00000000d6280000, 0x0000000100000000)
  eden space 9216K, 100% used [0x00000000d5580000,0x00000000d5e80000,0x00000000d5e80000)
  from space 2048K, 71% used [0x00000000d5e80000,0x00000000d5ff0000,0x00000000d6080000)
  to   space 2048K, 0% used [0x00000000d6080000,0x00000000d6080000,0x00000000d6280000)
 ParOldGen       total 115712K, used 115259K [0x0000000080000000, 0x0000000087100000, 0x00000000d5580000)
  object space 115712K, 99% used [0x0000000080000000,0x000000008708ee58,0x0000000087100000)
 Metaspace       used 54996K, committed 56256K, reserved 1114112K
  class space    used 5859K, committed 6400K, reserved 1048576K
}
Event: 28.508 GC heap after
{Heap after GC invocations=62 (full 2):
 PSYoungGen      total 11264K, used 1824K [0x00000000d5580000, 0x00000000d6280000, 0x0000000100000000)
  eden space 9216K, 0% used [0x00000000d5580000,0x00000000d5580000,0x00000000d5e80000)
  from space 2048K, 89% used [0x00000000d6080000,0x00000000d6248010,0x00000000d6280000)
  to   space 2048K, 0% used [0x00000000d5e80000,0x00000000d5e80000,0x00000000d6080000)
 ParOldGen       total 116736K, used 116549K [0x0000000080000000, 0x0000000087200000, 0x00000000d5580000)
  object space 116736K, 99% used [0x0000000080000000,0x00000000871d15d8,0x0000000087200000)
 Metaspace       used 54996K, committed 56256K, reserved 1114112K
  class space    used 5859K, committed 6400K, reserved 1048576K
}
Event: 28.539 GC heap before
{Heap before GC invocations=63 (full 2):
 PSYoungGen      total 11264K, used 11040K [0x00000000d5580000, 0x00000000d6280000, 0x0000000100000000)
  eden space 9216K, 100% used [0x00000000d5580000,0x00000000d5e80000,0x00000000d5e80000)
  from space 2048K, 89% used [0x00000000d6080000,0x00000000d6248010,0x00000000d6280000)
  to   space 2048K, 0% used [0x00000000d5e80000,0x00000000d5e80000,0x00000000d6080000)
 ParOldGen       total 116736K, used 116549K [0x0000000080000000, 0x0000000087200000, 0x00000000d5580000)
  object space 116736K, 99% used [0x0000000080000000,0x00000000871d15d8,0x0000000087200000)
 Metaspace       used 55005K, committed 56256K, reserved 1114112K
  class space    used 5859K, committed 6400K, reserved 1048576K
}
Event: 28.540 GC heap after
{Heap after GC invocations=63 (full 2):
 PSYoungGen      total 11264K, used 1720K [0x00000000d5580000, 0x00000000d6280000, 0x0000000100000000)
  eden space 9216K, 0% used [0x00000000d5580000,0x00000000d5580000,0x00000000d5e80000)
  from space 2048K, 84% used [0x00000000d5e80000,0x00000000d602e328,0x00000000d6080000)
  to   space 2048K, 0% used [0x00000000d6080000,0x00000000d6080000,0x00000000d6280000)
 ParOldGen       total 118272K, used 118145K [0x0000000080000000, 0x0000000087380000, 0x00000000d5580000)
  object space 118272K, 99% used [0x0000000080000000,0x0000000087360438,0x0000000087380000)
 Metaspace       used 55005K, committed 56256K, reserved 1114112K
  class space    used 5859K, committed 6400K, reserved 1048576K
}
Event: 28.572 GC heap before
{Heap before GC invocations=64 (full 2):
 PSYoungGen      total 11264K, used 10931K [0x00000000d5580000, 0x00000000d6280000, 0x0000000100000000)
  eden space 9216K, 99% used [0x00000000d5580000,0x00000000d5e7eaa0,0x00000000d5e80000)
  from space 2048K, 84% used [0x00000000d5e80000,0x00000000d602e328,0x00000000d6080000)
  to   space 2048K, 0% used [0x00000000d6080000,0x00000000d6080000,0x00000000d6280000)
 ParOldGen       total 118272K, used 118145K [0x0000000080000000, 0x0000000087380000, 0x00000000d5580000)
  object space 118272K, 99% used [0x0000000080000000,0x0000000087360438,0x0000000087380000)
 Metaspace       used 55033K, committed 56256K, reserved 1114112K
  class space    used 5862K, committed 6400K, reserved 1048576K
}
Event: 28.573 GC heap after
{Heap after GC invocations=64 (full 2):
 PSYoungGen      total 11264K, used 1591K [0x00000000d5580000, 0x00000000d6280000, 0x0000000100000000)
  eden space 9216K, 0% used [0x00000000d5580000,0x00000000d5580000,0x00000000d5e80000)
  from space 2048K, 77% used [0x00000000d6080000,0x00000000d620de10,0x00000000d6280000)
  to   space 2048K, 0% used [0x00000000d5e80000,0x00000000d5e80000,0x00000000d6080000)
 ParOldGen       total 119808K, used 119657K [0x0000000080000000, 0x0000000087500000, 0x00000000d5580000)
  object space 119808K, 99% used [0x0000000080000000,0x00000000874da608,0x0000000087500000)
 Metaspace       used 55033K, committed 56256K, reserved 1114112K
  class space    used 5862K, committed 6400K, reserved 1048576K
}
Event: 28.606 GC heap before
{Heap before GC invocations=65 (full 2):
 PSYoungGen      total 11264K, used 10807K [0x00000000d5580000, 0x00000000d6280000, 0x0000000100000000)
  eden space 9216K, 100% used [0x00000000d5580000,0x00000000d5e80000,0x00000000d5e80000)
  from space 2048K, 77% used [0x00000000d6080000,0x00000000d620de10,0x00000000d6280000)
  to   space 2048K, 0% used [0x00000000d5e80000,0x00000000d5e80000,0x00000000d6080000)
 ParOldGen       total 119808K, used 119657K [0x0000000080000000, 0x0000000087500000, 0x00000000d5580000)
  object space 119808K, 99% used [0x0000000080000000,0x00000000874da608,0x0000000087500000)
 Metaspace       used 55146K, committed 56384K, reserved 1114112K
  class space    used 5869K, committed 6400K, reserved 1048576K
}
Event: 28.607 GC heap after
{Heap after GC invocations=65 (full 2):
 PSYoungGen      total 11264K, used 1561K [0x00000000d5580000, 0x00000000d6280000, 0x0000000100000000)
  eden space 9216K, 0% used [0x00000000d5580000,0x00000000d5580000,0x00000000d5e80000)
  from space 2048K, 76% used [0x00000000d5e80000,0x00000000d60065c8,0x00000000d6080000)
  to   space 2048K, 0% used [0x00000000d6080000,0x00000000d6080000,0x00000000d6280000)
 ParOldGen       total 121344K, used 121018K [0x0000000080000000, 0x0000000087680000, 0x00000000d5580000)
  object space 121344K, 99% used [0x0000000080000000,0x000000008762e918,0x0000000087680000)
 Metaspace       used 55146K, committed 56384K, reserved 1114112K
  class space    used 5869K, committed 6400K, reserved 1048576K
}
Event: 28.632 GC heap before
{Heap before GC invocations=66 (full 2):
 PSYoungGen      total 11264K, used 10777K [0x00000000d5580000, 0x00000000d6280000, 0x0000000100000000)
  eden space 9216K, 100% used [0x00000000d5580000,0x00000000d5e80000,0x00000000d5e80000)
  from space 2048K, 76% used [0x00000000d5e80000,0x00000000d60065c8,0x00000000d6080000)
  to   space 2048K, 0% used [0x00000000d6080000,0x00000000d6080000,0x00000000d6280000)
 ParOldGen       total 121344K, used 121018K [0x0000000080000000, 0x0000000087680000, 0x00000000d5580000)
  object space 121344K, 99% used [0x0000000080000000,0x000000008762e918,0x0000000087680000)
 Metaspace       used 55164K, committed 56384K, reserved 1114112K
  class space    used 5871K, committed 6400K, reserved 1048576K
}
Event: 28.635 GC heap after
{Heap after GC invocations=66 (full 2):
 PSYoungGen      total 10752K, used 1496K [0x00000000d5580000, 0x00000000d6200000, 0x0000000100000000)
  eden space 9216K, 0% used [0x00000000d5580000,0x00000000d5580000,0x00000000d5e80000)
  from space 1536K, 97% used [0x00000000d6080000,0x00000000d61f6098,0x00000000d6200000)
  to   space 1536K, 0% used [0x00000000d5f00000,0x00000000d5f00000,0x00000000d6080000)
 ParOldGen       total 122880K, used 122429K [0x0000000080000000, 0x0000000087800000, 0x00000000d5580000)
  object space 122880K, 99% used [0x0000000080000000,0x000000008778f558,0x0000000087800000)
 Metaspace       used 55164K, committed 56384K, reserved 1114112K
  class space    used 5871K, committed 6400K, reserved 1048576K
}
Event: 28.661 GC heap before
{Heap before GC invocations=67 (full 2):
 PSYoungGen      total 10752K, used 10712K [0x00000000d5580000, 0x00000000d6200000, 0x0000000100000000)
  eden space 9216K, 100% used [0x00000000d5580000,0x00000000d5e80000,0x00000000d5e80000)
  from space 1536K, 97% used [0x00000000d6080000,0x00000000d61f6098,0x00000000d6200000)
  to   space 1536K, 0% used [0x00000000d5f00000,0x00000000d5f00000,0x00000000d6080000)
 ParOldGen       total 122880K, used 122429K [0x0000000080000000, 0x0000000087800000, 0x00000000d5580000)
  object space 122880K, 99% used [0x0000000080000000,0x000000008778f558,0x0000000087800000)
 Metaspace       used 55164K, committed 56384K, reserved 1114112K
  class space    used 5871K, committed 6400K, reserved 1048576K
}
Event: 28.663 GC heap after
{Heap after GC invocations=67 (full 2):
 PSYoungGen      total 10752K, used 1515K [0x00000000d5580000, 0x00000000d6180000, 0x0000000100000000)
  eden space 9216K, 0% used [0x00000000d5580000,0x00000000d5580000,0x00000000d5e80000)
  from space 1536K, 98% used [0x00000000d5f00000,0x00000000d607aef8,0x00000000d6080000)
  to   space 1024K, 0% used [0x00000000d6080000,0x00000000d6080000,0x00000000d6180000)
 ParOldGen       total 123904K, used 123839K [0x0000000080000000, 0x0000000087900000, 0x00000000d5580000)
  object space 123904K, 99% used [0x0000000080000000,0x00000000878efd40,0x0000000087900000)
 Metaspace       used 55164K, committed 56384K, reserved 1114112K
  class space    used 5871K, committed 6400K, reserved 1048576K
}
Event: 28.695 GC heap before
{Heap before GC invocations=68 (full 2):
 PSYoungGen      total 10752K, used 10731K [0x00000000d5580000, 0x00000000d6180000, 0x0000000100000000)
  eden space 9216K, 100% used [0x00000000d5580000,0x00000000d5e80000,0x00000000d5e80000)
  from space 1536K, 98% used [0x00000000d5f00000,0x00000000d607aef8,0x00000000d6080000)
  to   space 1024K, 0% used [0x00000000d6080000,0x00000000d6080000,0x00000000d6180000)
 ParOldGen       total 123904K, used 123839K [0x0000000080000000, 0x0000000087900000, 0x00000000d5580000)
  object space 123904K, 99% used [0x0000000080000000,0x00000000878efd40,0x0000000087900000)
 Metaspace       used 55164K, committed 56384K, reserved 1114112K
  class space    used 5871K, committed 6400K, reserved 1048576K
}
Event: 28.698 GC heap after
{Heap after GC invocations=68 (full 2):
 PSYoungGen      total 8704K, used 1003K [0x00000000d5580000, 0x00000000d6580000, 0x0000000100000000)
  eden space 7680K, 0% used [0x00000000d5580000,0x00000000d5580000,0x00000000d5d00000)
  from space 1024K, 97% used [0x00000000d6080000,0x00000000d617ac28,0x00000000d6180000)
  to   space 3584K, 0% used [0x00000000d5d00000,0x00000000d5d00000,0x00000000d6080000)
 ParOldGen       total 125952K, used 125736K [0x0000000080000000, 0x0000000087b00000, 0x00000000d5580000)
  object space 125952K, 99% used [0x0000000080000000,0x0000000087aca200,0x0000000087b00000)
 Metaspace       used 55164K, committed 56384K, reserved 1114112K
  class space    used 5871K, committed 6400K, reserved 1048576K
}
Event: 28.726 GC heap before
{Heap before GC invocations=69 (full 2):
 PSYoungGen      total 8704K, used 8683K [0x00000000d5580000, 0x00000000d6580000, 0x0000000100000000)
  eden space 7680K, 100% used [0x00000000d5580000,0x00000000d5d00000,0x00000000d5d00000)
  from space 1024K, 97% used [0x00000000d6080000,0x00000000d617ac28,0x00000000d6180000)
  to   space 3584K, 0% used [0x00000000d5d00000,0x00000000d5d00000,0x00000000d6080000)
 ParOldGen       total 125952K, used 125736K [0x0000000080000000, 0x0000000087b00000, 0x00000000d5580000)
  object space 125952K, 99% used [0x0000000080000000,0x0000000087aca200,0x0000000087b00000)
 Metaspace       used 55164K, committed 56384K, reserved 1114112K
  class space    used 5871K, committed 6400K, reserved 1048576K
}
Event: 28.728 GC heap after
{Heap after GC invocations=69 (full 2):
 PSYoungGen      total 9216K, used 1366K [0x00000000d5580000, 0x00000000d6100000, 0x0000000100000000)
  eden space 7680K, 0% used [0x00000000d5580000,0x00000000d5580000,0x00000000d5d00000)
  from space 1536K, 88% used [0x00000000d5d00000,0x00000000d5e55950,0x00000000d5e80000)
  to   space 2048K, 0% used [0x00000000d5f00000,0x00000000d5f00000,0x00000000d6100000)
 ParOldGen       total 126976K, used 126745K [0x0000000080000000, 0x0000000087c00000, 0x00000000d5580000)
  object space 126976K, 99% used [0x0000000080000000,0x0000000087bc6768,0x0000000087c00000)
 Metaspace       used 55164K, committed 56384K, reserved 1114112K
  class space    used 5871K, committed 6400K, reserved 1048576K
}
Event: 28.759 GC heap before
{Heap before GC invocations=70 (full 2):
 PSYoungGen      total 9216K, used 9046K [0x00000000d5580000, 0x00000000d6100000, 0x0000000100000000)
  eden space 7680K, 100% used [0x00000000d5580000,0x00000000d5d00000,0x00000000d5d00000)
  from space 1536K, 88% used [0x00000000d5d00000,0x00000000d5e55950,0x00000000d5e80000)
  to   space 2048K, 0% used [0x00000000d5f00000,0x00000000d5f00000,0x00000000d6100000)
 ParOldGen       total 126976K, used 126745K [0x0000000080000000, 0x0000000087c00000, 0x00000000d5580000)
  object space 126976K, 99% used [0x0000000080000000,0x0000000087bc6768,0x0000000087c00000)
 Metaspace       used 55164K, committed 56384K, reserved 1114112K
  class space    used 5871K, committed 6400K, reserved 1048576K
}
Event: 28.761 GC heap after
{Heap after GC invocations=70 (full 2):
 PSYoungGen      total 9216K, used 1416K [0x00000000d5580000, 0x00000000d6080000, 0x0000000100000000)
  eden space 7680K, 0% used [0x00000000d5580000,0x00000000d5580000,0x00000000d5d00000)
  from space 1536K, 92% used [0x00000000d5f00000,0x00000000d6062148,0x00000000d6080000)
  to   space 1536K, 0% used [0x00000000d5d00000,0x00000000d5d00000,0x00000000d5e80000)
 ParOldGen       total 128512K, used 128027K [0x0000000080000000, 0x0000000087d80000, 0x00000000d5580000)
  object space 128512K, 99% used [0x0000000080000000,0x0000000087d06d00,0x0000000087d80000)
 Metaspace       used 55164K, committed 56384K, reserved 1114112K
  class space    used 5871K, committed 6400K, reserved 1048576K
}
Event: 28.788 GC heap before
{Heap before GC invocations=71 (full 2):
 PSYoungGen      total 9216K, used 9096K [0x00000000d5580000, 0x00000000d6080000, 0x0000000100000000)
  eden space 7680K, 100% used [0x00000000d5580000,0x00000000d5d00000,0x00000000d5d00000)
  from space 1536K, 92% used [0x00000000d5f00000,0x00000000d6062148,0x00000000d6080000)
  to   space 1536K, 0% used [0x00000000d5d00000,0x00000000d5d00000,0x00000000d5e80000)
 ParOldGen       total 128512K, used 128027K [0x0000000080000000, 0x0000000087d80000, 0x00000000d5580000)
  object space 128512K, 99% used [0x0000000080000000,0x0000000087d06d00,0x0000000087d80000)
 Metaspace       used 55164K, committed 56384K, reserved 1114112K
  class space    used 5871K, committed 6400K, reserved 1048576K
}
Event: 28.790 GC heap after
{Heap after GC invocations=71 (full 2):
 PSYoungGen      total 9216K, used 1391K [0x00000000d5580000, 0x00000000d6000000, 0x0000000100000000)
  eden space 7680K, 0% used [0x00000000d5580000,0x00000000d5580000,0x00000000d5d00000)
  from space 1536K, 90% used [0x00000000d5d00000,0x00000000d5e5bd28,0x00000000d5e80000)
  to   space 1536K, 0% used [0x00000000d5e80000,0x00000000d5e80000,0x00000000d6000000)
 ParOldGen       total 129536K, used 129308K [0x0000000080000000, 0x0000000087e80000, 0x00000000d5580000)
  object space 129536K, 99% used [0x0000000080000000,0x0000000087e47220,0x0000000087e80000)
 Metaspace       used 55164K, committed 56384K, reserved 1114112K
  class space    used 5871K, committed 6400K, reserved 1048576K
}

