# JRE version: OpenJDK Runtime Environment Temurin-21.0.7+6 (21.0.7+6) (build 21.0.7+6-LTS)
# Java VM: OpenJDK 64-Bit Server VM Temurin-21.0.7+6 (21.0.7+6-LTS, mixed mode, sharing, tiered, compressed oops, compressed class ptrs, parallel gc, windows-amd64)
GC Precious Log:
 CardTable entry size: 512
 CPUs: 12 total, 12 available
 Memory: 7971M
 Large Page Support: Disabled
 NUMA Support: Disabled
 Compressed Oops: Enabled (32-bit)
 Alignments: Space 512K, Generation 512K, Heap 2M
 Heap Min Capacity: 100M
 Heap Initial Capacity: 100M
 Heap Max Capacity: 2G
 Pre-touch: Disabled
 Parallel Workers: 10
Heap:
 PSYoungGen      total 4096K, used 2974K [0x00000000d5580000, 0x00000000d5b80000, 0x0000000100000000)
  eden space 3072K, 74% used [0x00000000d5580000,0x00000000d57b8aa8,0x00000000d5880000)
  from space 1024K, 71% used [0x00000000d5980000,0x00000000d5a36008,0x00000000d5a80000)
  to   space 1024K, 0% used [0x00000000d5880000,0x00000000d5880000,0x00000000d5980000)
 ParOldGen       total 407040K, used 406548K [0x0000000080000000, 0x0000000098d80000, 0x00000000d5580000)
  object space 407040K, 99% used [0x0000000080000000,0x0000000098d05338,0x0000000098d80000)
 Metaspace       used 57285K, committed 58688K, reserved 1114112K
  class space    used 6027K, committed 6656K, reserved 1048576K
GC Heap History (20 events):
Event: 24.268 GC heap after
{Heap after GC invocations=407 (full 2):
 PSYoungGen      total 3072K, used 492K [0x00000000d5580000, 0x00000000d5980000, 0x0000000100000000)
  eden space 2560K, 0% used [0x00000000d5580000,0x00000000d5580000,0x00000000d5800000)
  from space 512K, 96% used [0x00000000d5880000,0x00000000d58fb008,0x00000000d5900000)
  to   space 512K, 0% used [0x00000000d5900000,0x00000000d5900000,0x00000000d5980000)
 ParOldGen       total 403456K, used 403083K [0x0000000080000000, 0x0000000098a00000, 0x00000000d5580000)
  object space 403456K, 99% used [0x0000000080000000,0x00000000989a2d20,0x0000000098a00000)
 Metaspace       used 57242K, committed 58688K, reserved 1114112K
  class space    used 6027K, committed 6656K, reserved 1048576K
}
Event: 24.272 GC heap before
{Heap before GC invocations=408 (full 2):
 PSYoungGen      total 3072K, used 3052K [0x00000000d5580000, 0x00000000d5980000, 0x0000000100000000)
  eden space 2560K, 99% used [0x00000000d5580000,0x00000000d57ffff8,0x00000000d5800000)
  from space 512K, 96% used [0x00000000d5880000,0x00000000d58fb008,0x00000000d5900000)
  to   space 512K, 0% used [0x00000000d5900000,0x00000000d5900000,0x00000000d5980000)
 ParOldGen       total 403456K, used 403083K [0x0000000080000000, 0x0000000098a00000, 0x00000000d5580000)
  object space 403456K, 99% used [0x0000000080000000,0x00000000989a2d20,0x0000000098a00000)
 Metaspace       used 57244K, committed 58688K, reserved 1114112K
  class space    used 6027K, committed 6656K, reserved 1048576K
}
Event: 24.273 GC heap after
{Heap after GC invocations=408 (full 2):
 PSYoungGen      total 3072K, used 384K [0x00000000d5580000, 0x00000000d5980000, 0x0000000100000000)
  eden space 2560K, 0% used [0x00000000d5580000,0x00000000d5580000,0x00000000d5800000)
  from space 512K, 75% used [0x00000000d5900000,0x00000000d5960000,0x00000000d5980000)
  to   space 512K, 0% used [0x00000000d5880000,0x00000000d5880000,0x00000000d5900000)
 ParOldGen       total 403968K, used 403527K [0x0000000080000000, 0x0000000098a80000, 0x00000000d5580000)
  object space 403968K, 99% used [0x0000000080000000,0x0000000098a11d28,0x0000000098a80000)
 Metaspace       used 57244K, committed 58688K, reserved 1114112K
  class space    used 6027K, committed 6656K, reserved 1048576K
}
Event: 24.279 GC heap before
{Heap before GC invocations=409 (full 2):
 PSYoungGen      total 3072K, used 2944K [0x00000000d5580000, 0x00000000d5980000, 0x0000000100000000)
  eden space 2560K, 100% used [0x00000000d5580000,0x00000000d5800000,0x00000000d5800000)
  from space 512K, 75% used [0x00000000d5900000,0x00000000d5960000,0x00000000d5980000)
  to   space 512K, 0% used [0x00000000d5880000,0x00000000d5880000,0x00000000d5900000)
 ParOldGen       total 403968K, used 403527K [0x0000000080000000, 0x0000000098a80000, 0x00000000d5580000)
  object space 403968K, 99% used [0x0000000080000000,0x0000000098a11d28,0x0000000098a80000)
 Metaspace       used 57262K, committed 58688K, reserved 1114112K
  class space    used 6027K, committed 6656K, reserved 1048576K
}
Event: 24.280 GC heap after
{Heap after GC invocations=409 (full 2):
 PSYoungGen      total 3072K, used 448K [0x00000000d5580000, 0x00000000d5980000, 0x0000000100000000)
  eden space 2560K, 0% used [0x00000000d5580000,0x00000000d5580000,0x00000000d5800000)
  from space 512K, 87% used [0x00000000d5880000,0x00000000d58f0000,0x00000000d5900000)
  to   space 512K, 0% used [0x00000000d5900000,0x00000000d5900000,0x00000000d5980000)
 ParOldGen       total 403968K, used 403735K [0x0000000080000000, 0x0000000098a80000, 0x00000000d5580000)
  object space 403968K, 99% used [0x0000000080000000,0x0000000098a45d28,0x0000000098a80000)
 Metaspace       used 57262K, committed 58688K, reserved 1114112K
  class space    used 6027K, committed 6656K, reserved 1048576K
}
Event: 24.286 GC heap before
{Heap before GC invocations=410 (full 2):
 PSYoungGen      total 3072K, used 3008K [0x00000000d5580000, 0x00000000d5980000, 0x0000000100000000)
  eden space 2560K, 100% used [0x00000000d5580000,0x00000000d5800000,0x00000000d5800000)
  from space 512K, 87% used [0x00000000d5880000,0x00000000d58f0000,0x00000000d5900000)
  to   space 512K, 0% used [0x00000000d5900000,0x00000000d5900000,0x00000000d5980000)
 ParOldGen       total 403968K, used 403735K [0x0000000080000000, 0x0000000098a80000, 0x00000000d5580000)
  object space 403968K, 99% used [0x0000000080000000,0x0000000098a45d28,0x0000000098a80000)
 Metaspace       used 57262K, committed 58688K, reserved 1114112K
  class space    used 6027K, committed 6656K, reserved 1048576K
}
Event: 24.287 GC heap after
{Heap after GC invocations=410 (full 2):
 PSYoungGen      total 3072K, used 480K [0x00000000d5580000, 0x00000000d5980000, 0x0000000100000000)
  eden space 2560K, 0% used [0x00000000d5580000,0x00000000d5580000,0x00000000d5800000)
  from space 512K, 93% used [0x00000000d5900000,0x00000000d5978000,0x00000000d5980000)
  to   space 512K, 0% used [0x00000000d5880000,0x00000000d5880000,0x00000000d5900000)
 ParOldGen       total 404480K, used 403991K [0x0000000080000000, 0x0000000098b00000, 0x00000000d5580000)
  object space 404480K, 99% used [0x0000000080000000,0x0000000098a85d28,0x0000000098b00000)
 Metaspace       used 57262K, committed 58688K, reserved 1114112K
  class space    used 6027K, committed 6656K, reserved 1048576K
}
Event: 24.294 GC heap before
{Heap before GC invocations=411 (full 2):
 PSYoungGen      total 3072K, used 3040K [0x00000000d5580000, 0x00000000d5980000, 0x0000000100000000)
  eden space 2560K, 100% used [0x00000000d5580000,0x00000000d5800000,0x00000000d5800000)
  from space 512K, 93% used [0x00000000d5900000,0x00000000d5978000,0x00000000d5980000)
  to   space 512K, 0% used [0x00000000d5880000,0x00000000d5880000,0x00000000d5900000)
 ParOldGen       total 404480K, used 403991K [0x0000000080000000, 0x0000000098b00000, 0x00000000d5580000)
  object space 404480K, 99% used [0x0000000080000000,0x0000000098a85d28,0x0000000098b00000)
 Metaspace       used 57262K, committed 58688K, reserved 1114112K
  class space    used 6027K, committed 6656K, reserved 1048576K
}
Event: 24.295 GC heap after
{Heap after GC invocations=411 (full 2):
 PSYoungGen      total 3072K, used 416K [0x00000000d5580000, 0x00000000d5980000, 0x0000000100000000)
  eden space 2560K, 0% used [0x00000000d5580000,0x00000000d5580000,0x00000000d5800000)
  from space 512K, 81% used [0x00000000d5880000,0x00000000d58e8000,0x00000000d5900000)
  to   space 512K, 0% used [0x00000000d5900000,0x00000000d5900000,0x00000000d5980000)
 ParOldGen       total 404480K, used 404324K [0x0000000080000000, 0x0000000098b00000, 0x00000000d5580000)
  object space 404480K, 99% used [0x0000000080000000,0x0000000098ad9338,0x0000000098b00000)
 Metaspace       used 57262K, committed 58688K, reserved 1114112K
  class space    used 6027K, committed 6656K, reserved 1048576K
}
Event: 24.301 GC heap before
{Heap before GC invocations=412 (full 2):
 PSYoungGen      total 3072K, used 2976K [0x00000000d5580000, 0x00000000d5980000, 0x0000000100000000)
  eden space 2560K, 100% used [0x00000000d5580000,0x00000000d5800000,0x00000000d5800000)
  from space 512K, 81% used [0x00000000d5880000,0x00000000d58e8000,0x00000000d5900000)
  to   space 512K, 0% used [0x00000000d5900000,0x00000000d5900000,0x00000000d5980000)
 ParOldGen       total 404480K, used 404324K [0x0000000080000000, 0x0000000098b00000, 0x00000000d5580000)
  object space 404480K, 99% used [0x0000000080000000,0x0000000098ad9338,0x0000000098b00000)
 Metaspace       used 57262K, committed 58688K, reserved 1114112K
  class space    used 6027K, committed 6656K, reserved 1048576K
}
Event: 24.302 GC heap after
{Heap after GC invocations=412 (full 2):
 PSYoungGen      total 3072K, used 448K [0x00000000d5580000, 0x00000000d5980000, 0x0000000100000000)
  eden space 2560K, 0% used [0x00000000d5580000,0x00000000d5580000,0x00000000d5800000)
  from space 512K, 87% used [0x00000000d5900000,0x00000000d5970000,0x00000000d5980000)
  to   space 512K, 0% used [0x00000000d5880000,0x00000000d5880000,0x00000000d5900000)
 ParOldGen       total 404992K, used 404620K [0x0000000080000000, 0x0000000098b80000, 0x00000000d5580000)
  object space 404992K, 99% used [0x0000000080000000,0x0000000098b23338,0x0000000098b80000)
 Metaspace       used 57262K, committed 58688K, reserved 1114112K
  class space    used 6027K, committed 6656K, reserved 1048576K
}
Event: 24.310 GC heap before
{Heap before GC invocations=413 (full 2):
 PSYoungGen      total 3072K, used 3008K [0x00000000d5580000, 0x00000000d5980000, 0x0000000100000000)
  eden space 2560K, 100% used [0x00000000d5580000,0x00000000d5800000,0x00000000d5800000)
  from space 512K, 87% used [0x00000000d5900000,0x00000000d5970000,0x00000000d5980000)
  to   space 512K, 0% used [0x00000000d5880000,0x00000000d5880000,0x00000000d5900000)
 ParOldGen       total 404992K, used 404620K [0x0000000080000000, 0x0000000098b80000, 0x00000000d5580000)
  object space 404992K, 99% used [0x0000000080000000,0x0000000098b23338,0x0000000098b80000)
 Metaspace       used 57275K, committed 58688K, reserved 1114112K
  class space    used 6027K, committed 6656K, reserved 1048576K
}
Event: 24.311 GC heap after
{Heap after GC invocations=413 (full 2):
 PSYoungGen      total 3072K, used 512K [0x00000000d5580000, 0x00000000d5a00000, 0x0000000100000000)
  eden space 2560K, 0% used [0x00000000d5580000,0x00000000d5580000,0x00000000d5800000)
  from space 512K, 100% used [0x00000000d5880000,0x00000000d5900000,0x00000000d5900000)
  to   space 1024K, 0% used [0x00000000d5900000,0x00000000d5900000,0x00000000d5a00000)
 ParOldGen       total 404992K, used 404868K [0x0000000080000000, 0x0000000098b80000, 0x00000000d5580000)
  object space 404992K, 99% used [0x0000000080000000,0x0000000098b61338,0x0000000098b80000)
 Metaspace       used 57275K, committed 58688K, reserved 1114112K
  class space    used 6027K, committed 6656K, reserved 1048576K
}
Event: 24.318 GC heap before
{Heap before GC invocations=414 (full 2):
 PSYoungGen      total 3072K, used 3071K [0x00000000d5580000, 0x00000000d5a00000, 0x0000000100000000)
  eden space 2560K, 99% used [0x00000000d5580000,0x00000000d57fff68,0x00000000d5800000)
  from space 512K, 100% used [0x00000000d5880000,0x00000000d5900000,0x00000000d5900000)
  to   space 1024K, 0% used [0x00000000d5900000,0x00000000d5900000,0x00000000d5a00000)
 ParOldGen       total 404992K, used 404868K [0x0000000080000000, 0x0000000098b80000, 0x00000000d5580000)
  object space 404992K, 99% used [0x0000000080000000,0x0000000098b61338,0x0000000098b80000)
 Metaspace       used 57278K, committed 58688K, reserved 1114112K
  class space    used 6027K, committed 6656K, reserved 1048576K
}
Event: 24.320 GC heap after
{Heap after GC invocations=414 (full 2):
 PSYoungGen      total 3584K, used 544K [0x00000000d5580000, 0x00000000d5a00000, 0x0000000100000000)
  eden space 2560K, 0% used [0x00000000d5580000,0x00000000d5580000,0x00000000d5800000)
  from space 1024K, 53% used [0x00000000d5900000,0x00000000d5988000,0x00000000d5a00000)
  to   space 1024K, 0% used [0x00000000d5800000,0x00000000d5800000,0x00000000d5900000)
 ParOldGen       total 405504K, used 405204K [0x0000000080000000, 0x0000000098c00000, 0x00000000d5580000)
  object space 405504K, 99% used [0x0000000080000000,0x0000000098bb5338,0x0000000098c00000)
 Metaspace       used 57278K, committed 58688K, reserved 1114112K
  class space    used 6027K, committed 6656K, reserved 1048576K
}
Event: 24.328 GC heap before
{Heap before GC invocations=415 (full 2):
 PSYoungGen      total 3584K, used 3104K [0x00000000d5580000, 0x00000000d5a00000, 0x0000000100000000)
  eden space 2560K, 100% used [0x00000000d5580000,0x00000000d5800000,0x00000000d5800000)
  from space 1024K, 53% used [0x00000000d5900000,0x00000000d5988000,0x00000000d5a00000)
  to   space 1024K, 0% used [0x00000000d5800000,0x00000000d5800000,0x00000000d5900000)
 ParOldGen       total 405504K, used 405204K [0x0000000080000000, 0x0000000098c00000, 0x00000000d5580000)
  object space 405504K, 99% used [0x0000000080000000,0x0000000098bb5338,0x0000000098c00000)
 Metaspace       used 57278K, committed 58688K, reserved 1114112K
  class space    used 6027K, committed 6656K, reserved 1048576K
}
Event: 24.329 GC heap after
{Heap after GC invocations=415 (full 2):
 PSYoungGen      total 3584K, used 448K [0x00000000d5580000, 0x00000000d5980000, 0x0000000100000000)
  eden space 2560K, 0% used [0x00000000d5580000,0x00000000d5580000,0x00000000d5800000)
  from space 1024K, 43% used [0x00000000d5800000,0x00000000d5870000,0x00000000d5900000)
  to   space 512K, 0% used [0x00000000d5900000,0x00000000d5900000,0x00000000d5980000)
 ParOldGen       total 406016K, used 405564K [0x0000000080000000, 0x0000000098c80000, 0x00000000d5580000)
  object space 406016K, 99% used [0x0000000080000000,0x0000000098c0f338,0x0000000098c80000)
 Metaspace       used 57278K, committed 58688K, reserved 1114112K
  class space    used 6027K, committed 6656K, reserved 1048576K
}
Event: 24.336 GC heap before
{Heap before GC invocations=416 (full 2):
 PSYoungGen      total 3584K, used 3008K [0x00000000d5580000, 0x00000000d5980000, 0x0000000100000000)
  eden space 2560K, 100% used [0x00000000d5580000,0x00000000d5800000,0x00000000d5800000)
  from space 1024K, 43% used [0x00000000d5800000,0x00000000d5870000,0x00000000d5900000)
  to   space 512K, 0% used [0x00000000d5900000,0x00000000d5900000,0x00000000d5980000)
 ParOldGen       total 406016K, used 405564K [0x0000000080000000, 0x0000000098c80000, 0x00000000d5580000)
  object space 406016K, 99% used [0x0000000080000000,0x0000000098c0f338,0x0000000098c80000)
 Metaspace       used 57278K, committed 58688K, reserved 1114112K
  class space    used 6027K, committed 6656K, reserved 1048576K
}
Event: 24.338 GC heap after
{Heap after GC invocations=416 (full 2):
 PSYoungGen      total 3072K, used 480K [0x00000000d5580000, 0x00000000d5980000, 0x0000000100000000)
  eden space 2560K, 0% used [0x00000000d5580000,0x00000000d5580000,0x00000000d5800000)
  from space 512K, 93% used [0x00000000d5900000,0x00000000d5978000,0x00000000d5980000)
  to   space 512K, 0% used [0x00000000d5880000,0x00000000d5880000,0x00000000d5900000)
 ParOldGen       total 406016K, used 405884K [0x0000000080000000, 0x0000000098c80000, 0x00000000d5580000)
  object space 406016K, 99% used [0x0000000080000000,0x0000000098c5f338,0x0000000098c80000)
 Metaspace       used 57278K, committed 58688K, reserved 1114112K
  class space    used 6027K, committed 6656K, reserved 1048576K
}
Event: 24.345 GC heap before
{Heap before GC invocations=417 (full 2):
 PSYoungGen      total 3072K, used 2887K [0x00000000d5580000, 0x00000000d5980000, 0x0000000100000000)
  eden space 2560K, 94% used [0x00000000d5580000,0x00000000d57d9d80,0x00000000d5800000)
  from space 512K, 93% used [0x00000000d5900000,0x00000000d5978000,0x00000000d5980000)
  to   space 512K, 0% used [0x00000000d5880000,0x00000000d5880000,0x00000000d5900000)
 ParOldGen       total 406016K, used 405884K [0x0000000080000000, 0x0000000098c80000, 0x00000000d5580000)
  object space 406016K, 99% used [0x0000000080000000,0x0000000098c5f338,0x0000000098c80000)
 Metaspace       used 57278K, committed 58688K, reserved 1114112K
  class space    used 6027K, committed 6656K, reserved 1048576K
}

