# JRE version: OpenJDK Runtime Environment Temurin-21.0.7+6 (21.0.7+6) (build 21.0.7+6-LTS)
# Java VM: OpenJDK 64-Bit Server VM Temurin-21.0.7+6 (21.0.7+6-LTS, mixed mode, sharing, tiered, compressed oops, compressed class ptrs, parallel gc, windows-amd64)
GC Precious Log:
 CardTable entry size: 512
 CPUs: 12 total, 12 available
 Memory: 7971M
 Large Page Support: Disabled
 NUMA Support: Disabled
 Compressed Oops: Enabled (32-bit)
 Alignments: Space 512K, Generation 512K, Heap 2M
 Heap Min Capacity: 100M
 Heap Initial Capacity: 100M
 Heap Max Capacity: 2G
 Pre-touch: Disabled
 Parallel Workers: 10
Heap:
 PSYoungGen      total 12288K, used 2008K [0x00000000d5580000, 0x00000000d6380000, 0x0000000100000000)
  eden space 10240K, 0% used [0x00000000d5580000,0x00000000d5580000,0x00000000d5f80000)
  from space 2048K, 98% used [0x00000000d5f80000,0x00000000d61761d8,0x00000000d6180000)
  to   space 2048K, 0% used [0x00000000d6180000,0x00000000d6180000,0x00000000d6380000)
 ParOldGen       total 179712K, used 179380K [0x0000000080000000, 0x000000008af80000, 0x00000000d5580000)
  object space 179712K, 99% used [0x0000000080000000,0x000000008af2d1f0,0x000000008af80000)
 Metaspace       used 58940K, committed 60224K, reserved 1114112K
  class space    used 6261K, committed 6848K, reserved 1048576K
GC Heap History (20 events):
Event: 13.256 GC heap after
{Heap after GC invocations=84 (full 3):
 PSYoungGen      total 15360K, used 1765K [0x00000000d5580000, 0x00000000d6780000, 0x0000000100000000)
  eden space 13312K, 0% used [0x00000000d5580000,0x00000000d5580000,0x00000000d6280000)
  from space 2048K, 86% used [0x00000000d6280000,0x00000000d6439798,0x00000000d6480000)
  to   space 2560K, 0% used [0x00000000d6500000,0x00000000d6500000,0x00000000d6780000)
 ParOldGen       total 158720K, used 158206K [0x0000000080000000, 0x0000000089b00000, 0x00000000d5580000)
  object space 158720K, 99% used [0x0000000080000000,0x0000000089a7fbf8,0x0000000089b00000)
 Metaspace       used 58917K, committed 60224K, reserved 1114112K
  class space    used 6260K, committed 6848K, reserved 1048576K
}
Event: 13.306 GC heap before
{Heap before GC invocations=85 (full 3):
 PSYoungGen      total 15360K, used 15077K [0x00000000d5580000, 0x00000000d6780000, 0x0000000100000000)
  eden space 13312K, 100% used [0x00000000d5580000,0x00000000d6280000,0x00000000d6280000)
  from space 2048K, 86% used [0x00000000d6280000,0x00000000d6439798,0x00000000d6480000)
  to   space 2560K, 0% used [0x00000000d6500000,0x00000000d6500000,0x00000000d6780000)
 ParOldGen       total 158720K, used 158206K [0x0000000080000000, 0x0000000089b00000, 0x00000000d5580000)
  object space 158720K, 99% used [0x0000000080000000,0x0000000089a7fbf8,0x0000000089b00000)
 Metaspace       used 58934K, committed 60224K, reserved 1114112K
  class space    used 6261K, committed 6848K, reserved 1048576K
}
Event: 13.308 GC heap after
{Heap after GC invocations=85 (full 3):
 PSYoungGen      total 15360K, used 2532K [0x00000000d5580000, 0x00000000d6880000, 0x0000000100000000)
  eden space 12800K, 0% used [0x00000000d5580000,0x00000000d5580000,0x00000000d6200000)
  from space 2560K, 98% used [0x00000000d6500000,0x00000000d6779280,0x00000000d6780000)
  to   space 3072K, 0% used [0x00000000d6200000,0x00000000d6200000,0x00000000d6500000)
 ParOldGen       total 160256K, used 159834K [0x0000000080000000, 0x0000000089c80000, 0x00000000d5580000)
  object space 160256K, 99% used [0x0000000080000000,0x0000000089c16808,0x0000000089c80000)
 Metaspace       used 58934K, committed 60224K, reserved 1114112K
  class space    used 6261K, committed 6848K, reserved 1048576K
}
Event: 13.465 GC heap before
{Heap before GC invocations=86 (full 3):
 PSYoungGen      total 15360K, used 15332K [0x00000000d5580000, 0x00000000d6880000, 0x0000000100000000)
  eden space 12800K, 100% used [0x00000000d5580000,0x00000000d6200000,0x00000000d6200000)
  from space 2560K, 98% used [0x00000000d6500000,0x00000000d6779280,0x00000000d6780000)
  to   space 3072K, 0% used [0x00000000d6200000,0x00000000d6200000,0x00000000d6500000)
 ParOldGen       total 160256K, used 159834K [0x0000000080000000, 0x0000000089c80000, 0x00000000d5580000)
  object space 160256K, 99% used [0x0000000080000000,0x0000000089c16808,0x0000000089c80000)
 Metaspace       used 58934K, committed 60224K, reserved 1114112K
  class space    used 6261K, committed 6848K, reserved 1048576K
}
Event: 13.473 GC heap after
{Heap after GC invocations=86 (full 3):
 PSYoungGen      total 14848K, used 1677K [0x00000000d5580000, 0x00000000d6600000, 0x0000000100000000)
  eden space 12800K, 0% used [0x00000000d5580000,0x00000000d5580000,0x00000000d6200000)
  from space 2048K, 81% used [0x00000000d6200000,0x00000000d63a3420,0x00000000d6400000)
  to   space 2048K, 0% used [0x00000000d6400000,0x00000000d6400000,0x00000000d6600000)
 ParOldGen       total 165888K, used 165678K [0x0000000080000000, 0x000000008a200000, 0x00000000d5580000)
  object space 165888K, 99% used [0x0000000080000000,0x000000008a1cbaa0,0x000000008a200000)
 Metaspace       used 58934K, committed 60224K, reserved 1114112K
  class space    used 6261K, committed 6848K, reserved 1048576K
}
Event: 13.522 GC heap before
{Heap before GC invocations=87 (full 3):
 PSYoungGen      total 14848K, used 14477K [0x00000000d5580000, 0x00000000d6600000, 0x0000000100000000)
  eden space 12800K, 100% used [0x00000000d5580000,0x00000000d6200000,0x00000000d6200000)
  from space 2048K, 81% used [0x00000000d6200000,0x00000000d63a3420,0x00000000d6400000)
  to   space 2048K, 0% used [0x00000000d6400000,0x00000000d6400000,0x00000000d6600000)
 ParOldGen       total 165888K, used 165678K [0x0000000080000000, 0x000000008a200000, 0x00000000d5580000)
  object space 165888K, 99% used [0x0000000080000000,0x000000008a1cbaa0,0x000000008a200000)
 Metaspace       used 58934K, committed 60224K, reserved 1114112K
  class space    used 6261K, committed 6848K, reserved 1048576K
}
Event: 13.524 GC heap after
{Heap after GC invocations=87 (full 3):
 PSYoungGen      total 12288K, used 2018K [0x00000000d5580000, 0x00000000d6b00000, 0x0000000100000000)
  eden space 10240K, 0% used [0x00000000d5580000,0x00000000d5580000,0x00000000d5f80000)
  from space 2048K, 98% used [0x00000000d6400000,0x00000000d65f8928,0x00000000d6600000)
  to   space 4608K, 0% used [0x00000000d5f80000,0x00000000d5f80000,0x00000000d6400000)
 ParOldGen       total 167936K, used 167455K [0x0000000080000000, 0x000000008a400000, 0x00000000d5580000)
  object space 167936K, 99% used [0x0000000080000000,0x000000008a387cc0,0x000000008a400000)
 Metaspace       used 58934K, committed 60224K, reserved 1114112K
  class space    used 6261K, committed 6848K, reserved 1048576K
}
Event: 13.558 GC heap before
{Heap before GC invocations=88 (full 3):
 PSYoungGen      total 12288K, used 12258K [0x00000000d5580000, 0x00000000d6b00000, 0x0000000100000000)
  eden space 10240K, 100% used [0x00000000d5580000,0x00000000d5f80000,0x00000000d5f80000)
  from space 2048K, 98% used [0x00000000d6400000,0x00000000d65f8928,0x00000000d6600000)
  to   space 4608K, 0% used [0x00000000d5f80000,0x00000000d5f80000,0x00000000d6400000)
 ParOldGen       total 167936K, used 167455K [0x0000000080000000, 0x000000008a400000, 0x00000000d5580000)
  object space 167936K, 99% used [0x0000000080000000,0x000000008a387cc0,0x000000008a400000)
 Metaspace       used 58934K, committed 60224K, reserved 1114112K
  class space    used 6261K, committed 6848K, reserved 1048576K
}
Event: 13.560 GC heap after
{Heap after GC invocations=88 (full 3):
 PSYoungGen      total 12288K, used 1753K [0x00000000d5580000, 0x00000000d6480000, 0x0000000100000000)
  eden space 10240K, 0% used [0x00000000d5580000,0x00000000d5580000,0x00000000d5f80000)
  from space 2048K, 85% used [0x00000000d5f80000,0x00000000d6136718,0x00000000d6180000)
  to   space 2560K, 0% used [0x00000000d6200000,0x00000000d6200000,0x00000000d6480000)
 ParOldGen       total 169984K, used 169479K [0x0000000080000000, 0x000000008a600000, 0x00000000d5580000)
  object space 169984K, 99% used [0x0000000080000000,0x000000008a581e40,0x000000008a600000)
 Metaspace       used 58934K, committed 60224K, reserved 1114112K
  class space    used 6261K, committed 6848K, reserved 1048576K
}
Event: 13.598 GC heap before
{Heap before GC invocations=89 (full 3):
 PSYoungGen      total 12288K, used 11993K [0x00000000d5580000, 0x00000000d6480000, 0x0000000100000000)
  eden space 10240K, 100% used [0x00000000d5580000,0x00000000d5f80000,0x00000000d5f80000)
  from space 2048K, 85% used [0x00000000d5f80000,0x00000000d6136718,0x00000000d6180000)
  to   space 2560K, 0% used [0x00000000d6200000,0x00000000d6200000,0x00000000d6480000)
 ParOldGen       total 169984K, used 169479K [0x0000000080000000, 0x000000008a600000, 0x00000000d5580000)
  object space 169984K, 99% used [0x0000000080000000,0x000000008a581e40,0x000000008a600000)
 Metaspace       used 58934K, committed 60224K, reserved 1114112K
  class space    used 6261K, committed 6848K, reserved 1048576K
}
Event: 13.600 GC heap after
{Heap after GC invocations=89 (full 3):
 PSYoungGen      total 12288K, used 1891K [0x00000000d5580000, 0x00000000d6400000, 0x0000000100000000)
  eden space 10240K, 0% used [0x00000000d5580000,0x00000000d5580000,0x00000000d5f80000)
  from space 2048K, 92% used [0x00000000d6200000,0x00000000d63d8c30,0x00000000d6400000)
  to   space 2048K, 0% used [0x00000000d5f80000,0x00000000d5f80000,0x00000000d6180000)
 ParOldGen       total 171520K, used 171082K [0x0000000080000000, 0x000000008a780000, 0x00000000d5580000)
  object space 171520K, 99% used [0x0000000080000000,0x000000008a712810,0x000000008a780000)
 Metaspace       used 58934K, committed 60224K, reserved 1114112K
  class space    used 6261K, committed 6848K, reserved 1048576K
}
Event: 13.635 GC heap before
{Heap before GC invocations=90 (full 3):
 PSYoungGen      total 12288K, used 12131K [0x00000000d5580000, 0x00000000d6400000, 0x0000000100000000)
  eden space 10240K, 100% used [0x00000000d5580000,0x00000000d5f80000,0x00000000d5f80000)
  from space 2048K, 92% used [0x00000000d6200000,0x00000000d63d8c30,0x00000000d6400000)
  to   space 2048K, 0% used [0x00000000d5f80000,0x00000000d5f80000,0x00000000d6180000)
 ParOldGen       total 171520K, used 171082K [0x0000000080000000, 0x000000008a780000, 0x00000000d5580000)
  object space 171520K, 99% used [0x0000000080000000,0x000000008a712810,0x000000008a780000)
 Metaspace       used 58934K, committed 60224K, reserved 1114112K
  class space    used 6261K, committed 6848K, reserved 1048576K
}
Event: 13.637 GC heap after
{Heap after GC invocations=90 (full 3):
 PSYoungGen      total 12288K, used 1734K [0x00000000d5580000, 0x00000000d6380000, 0x0000000100000000)
  eden space 10240K, 0% used [0x00000000d5580000,0x00000000d5580000,0x00000000d5f80000)
  from space 2048K, 84% used [0x00000000d5f80000,0x00000000d61318f0,0x00000000d6180000)
  to   space 2048K, 0% used [0x00000000d6180000,0x00000000d6180000,0x00000000d6380000)
 ParOldGen       total 173056K, used 172876K [0x0000000080000000, 0x000000008a900000, 0x00000000d5580000)
  object space 173056K, 99% used [0x0000000080000000,0x000000008a8d3140,0x000000008a900000)
 Metaspace       used 58934K, committed 60224K, reserved 1114112K
  class space    used 6261K, committed 6848K, reserved 1048576K
}
Event: 13.683 GC heap before
{Heap before GC invocations=91 (full 3):
 PSYoungGen      total 12288K, used 11974K [0x00000000d5580000, 0x00000000d6380000, 0x0000000100000000)
  eden space 10240K, 100% used [0x00000000d5580000,0x00000000d5f80000,0x00000000d5f80000)
  from space 2048K, 84% used [0x00000000d5f80000,0x00000000d61318f0,0x00000000d6180000)
  to   space 2048K, 0% used [0x00000000d6180000,0x00000000d6180000,0x00000000d6380000)
 ParOldGen       total 173056K, used 172876K [0x0000000080000000, 0x000000008a900000, 0x00000000d5580000)
  object space 173056K, 99% used [0x0000000080000000,0x000000008a8d3140,0x000000008a900000)
 Metaspace       used 58940K, committed 60224K, reserved 1114112K
  class space    used 6261K, committed 6848K, reserved 1048576K
}
Event: 13.685 GC heap after
{Heap after GC invocations=91 (full 3):
 PSYoungGen      total 12288K, used 1920K [0x00000000d5580000, 0x00000000d6380000, 0x0000000100000000)
  eden space 10240K, 0% used [0x00000000d5580000,0x00000000d5580000,0x00000000d5f80000)
  from space 2048K, 93% used [0x00000000d6180000,0x00000000d6360000,0x00000000d6380000)
  to   space 2048K, 0% used [0x00000000d5f80000,0x00000000d5f80000,0x00000000d6180000)
 ParOldGen       total 174592K, used 174514K [0x0000000080000000, 0x000000008aa80000, 0x00000000d5580000)
  object space 174592K, 99% used [0x0000000080000000,0x000000008aa6ca00,0x000000008aa80000)
 Metaspace       used 58940K, committed 60224K, reserved 1114112K
  class space    used 6261K, committed 6848K, reserved 1048576K
}
Event: 13.740 GC heap before
{Heap before GC invocations=92 (full 3):
 PSYoungGen      total 12288K, used 12160K [0x00000000d5580000, 0x00000000d6380000, 0x0000000100000000)
  eden space 10240K, 100% used [0x00000000d5580000,0x00000000d5f80000,0x00000000d5f80000)
  from space 2048K, 93% used [0x00000000d6180000,0x00000000d6360000,0x00000000d6380000)
  to   space 2048K, 0% used [0x00000000d5f80000,0x00000000d5f80000,0x00000000d6180000)
 ParOldGen       total 174592K, used 174514K [0x0000000080000000, 0x000000008aa80000, 0x00000000d5580000)
  object space 174592K, 99% used [0x0000000080000000,0x000000008aa6ca00,0x000000008aa80000)
 Metaspace       used 58940K, committed 60224K, reserved 1114112K
  class space    used 6261K, committed 6848K, reserved 1048576K
}
Event: 13.744 GC heap after
{Heap after GC invocations=92 (full 3):
 PSYoungGen      total 12288K, used 1859K [0x00000000d5580000, 0x00000000d6380000, 0x0000000100000000)
  eden space 10240K, 0% used [0x00000000d5580000,0x00000000d5580000,0x00000000d5f80000)
  from space 2048K, 90% used [0x00000000d5f80000,0x00000000d6150ee0,0x00000000d6180000)
  to   space 2048K, 0% used [0x00000000d6180000,0x00000000d6180000,0x00000000d6380000)
 ParOldGen       total 176640K, used 176202K [0x0000000080000000, 0x000000008ac80000, 0x00000000d5580000)
  object space 176640K, 99% used [0x0000000080000000,0x000000008ac12ad0,0x000000008ac80000)
 Metaspace       used 58940K, committed 60224K, reserved 1114112K
  class space    used 6261K, committed 6848K, reserved 1048576K
}
Event: 13.781 GC heap before
{Heap before GC invocations=93 (full 3):
 PSYoungGen      total 12288K, used 12099K [0x00000000d5580000, 0x00000000d6380000, 0x0000000100000000)
  eden space 10240K, 100% used [0x00000000d5580000,0x00000000d5f80000,0x00000000d5f80000)
  from space 2048K, 90% used [0x00000000d5f80000,0x00000000d6150ee0,0x00000000d6180000)
  to   space 2048K, 0% used [0x00000000d6180000,0x00000000d6180000,0x00000000d6380000)
 ParOldGen       total 176640K, used 176202K [0x0000000080000000, 0x000000008ac80000, 0x00000000d5580000)
  object space 176640K, 99% used [0x0000000080000000,0x000000008ac12ad0,0x000000008ac80000)
 Metaspace       used 58940K, committed 60224K, reserved 1114112K
  class space    used 6261K, committed 6848K, reserved 1048576K
}
Event: 13.784 GC heap after
{Heap after GC invocations=93 (full 3):
 PSYoungGen      total 12288K, used 1504K [0x00000000d5580000, 0x00000000d6380000, 0x0000000100000000)
  eden space 10240K, 0% used [0x00000000d5580000,0x00000000d5580000,0x00000000d5f80000)
  from space 2048K, 73% used [0x00000000d6180000,0x00000000d62f8000,0x00000000d6380000)
  to   space 2048K, 0% used [0x00000000d5f80000,0x00000000d5f80000,0x00000000d6180000)
 ParOldGen       total 178176K, used 177975K [0x0000000080000000, 0x000000008ae00000, 0x00000000d5580000)
  object space 178176K, 99% used [0x0000000080000000,0x000000008adcdf00,0x000000008ae00000)
 Metaspace       used 58940K, committed 60224K, reserved 1114112K
  class space    used 6261K, committed 6848K, reserved 1048576K
}
Event: 13.820 GC heap before
{Heap before GC invocations=94 (full 3):
 PSYoungGen      total 12288K, used 11744K [0x00000000d5580000, 0x00000000d6380000, 0x0000000100000000)
  eden space 10240K, 100% used [0x00000000d5580000,0x00000000d5f80000,0x00000000d5f80000)
  from space 2048K, 73% used [0x00000000d6180000,0x00000000d62f8000,0x00000000d6380000)
  to   space 2048K, 0% used [0x00000000d5f80000,0x00000000d5f80000,0x00000000d6180000)
 ParOldGen       total 178176K, used 177975K [0x0000000080000000, 0x000000008ae00000, 0x00000000d5580000)
  object space 178176K, 99% used [0x0000000080000000,0x000000008adcdf00,0x000000008ae00000)
 Metaspace       used 58940K, committed 60224K, reserved 1114112K
  class space    used 6261K, committed 6848K, reserved 1048576K
}

